<?xml version="1.0" encoding="UTF-8"?>
<coverage generated="1771413275957" clover="3.2.0">
  <project timestamp="1771413275957" name="All files">
    <metrics statements="139" coveredstatements="139" conditionals="94" coveredconditionals="94" methods="42" coveredmethods="41" elements="275" coveredelements="274" complexity="0" loc="139" ncloc="139" packages="2" files="6" classes="6"/>
    <package name="i18n">
      <metrics statements="23" coveredstatements="23" conditionals="14" coveredconditionals="14" methods="4" coveredmethods="4"/>
      <file name="en.ts" path="/home/user/cccport/src/i18n/en.ts">
        <metrics statements="1" coveredstatements="1" conditionals="0" coveredconditionals="0" methods="0" coveredmethods="0"/>
        <line num="1" count="2" type="stmt"/>
      </file>
      <file name="index.ts" path="/home/user/cccport/src/i18n/index.ts">
        <metrics statements="21" coveredstatements="21" conditionals="14" coveredconditionals="14" methods="4" coveredmethods="4"/>
        <line num="9" count="9" type="stmt"/>
        <line num="15" count="9" type="stmt"/>
        <line num="16" count="23" type="cond" truecount="2" falsecount="0"/>
        <line num="17" count="15" type="stmt"/>
        <line num="19" count="8" type="cond" truecount="2" falsecount="0"/>
        <line num="20" count="6" type="stmt"/>
        <line num="22" count="2" type="cond" truecount="2" falsecount="0"/>
        <line num="23" count="1" type="stmt"/>
        <line num="26" count="2" type="stmt"/>
        <line num="29" count="2" type="stmt"/>
        <line num="30" count="2" type="stmt"/>
        <line num="33" count="12" type="cond" truecount="2" falsecount="0"/>
        <line num="34" count="12" type="cond" truecount="2" falsecount="0"/>
        <line num="35" count="4" type="stmt"/>
        <line num="36" count="4" type="stmt"/>
        <line num="38" count="8" type="stmt"/>
        <line num="39" count="8" type="stmt"/>
        <line num="44" count="16" type="cond" truecount="2" falsecount="0"/>
        <line num="45" count="1" type="stmt"/>
        <line num="47" count="15" type="cond" truecount="2" falsecount="0"/>
        <line num="51" count="2" type="stmt"/>
      </file>
      <file name="ja.ts" path="/home/user/cccport/src/i18n/ja.ts">
        <metrics statements="1" coveredstatements="1" conditionals="0" coveredconditionals="0" methods="0" coveredmethods="0"/>
        <line num="3" count="2" type="stmt"/>
      </file>
    </package>
    <package name="utils">
      <metrics statements="116" coveredstatements="116" conditionals="80" coveredconditionals="80" methods="38" coveredmethods="37"/>
      <file name="diff.ts" path="/home/user/cccport/src/utils/diff.ts">
        <metrics statements="57" coveredstatements="57" conditionals="40" coveredconditionals="40" methods="19" coveredmethods="19"/>
        <line num="13" count="12" type="cond" truecount="4" falsecount="0"/>
        <line num="14" count="1" type="stmt"/>
        <line num="16" count="11" type="cond" truecount="2" falsecount="0"/>
        <line num="18" count="3" type="stmt"/>
        <line num="20" count="4" type="stmt"/>
        <line num="24" count="8" type="cond" truecount="2" falsecount="0"/>
        <line num="25" count="3" type="stmt"/>
        <line num="27" count="4" type="stmt"/>
        <line num="31" count="5" type="cond" truecount="2" falsecount="0"/>
        <line num="32" count="2" type="stmt"/>
        <line num="35" count="3" type="stmt"/>
        <line num="36" count="3" type="stmt"/>
        <line num="37" count="3" type="stmt"/>
        <line num="40" count="5" type="stmt"/>
        <line num="41" count="3" type="stmt"/>
        <line num="44" count="5" type="stmt"/>
        <line num="45" count="3" type="stmt"/>
        <line num="47" count="6" type="stmt"/>
        <line num="48" count="6" type="stmt"/>
        <line num="49" count="3" type="stmt"/>
        <line num="60" count="7" type="cond" truecount="4" falsecount="0"/>
        <line num="62" count="1" type="stmt"/>
        <line num="65" count="6" type="stmt"/>
        <line num="66" count="6" type="stmt"/>
        <line num="67" count="11" type="stmt"/>
        <line num="68" count="11" type="stmt"/>
        <line num="69" count="11" type="cond" truecount="2" falsecount="0"/>
        <line num="70" count="2" type="stmt"/>
        <line num="71" count="9" type="cond" truecount="2" falsecount="0"/>
        <line num="72" count="2" type="stmt"/>
        <line num="73" count="7" type="cond" truecount="2" falsecount="0"/>
        <line num="74" count="2" type="stmt"/>
        <line num="75" count="2" type="stmt"/>
        <line num="79" count="6" type="cond" truecount="2" falsecount="0"/>
        <line num="80" count="2" type="stmt"/>
        <line num="83" count="8" type="stmt"/>
        <line num="84" count="8" type="stmt"/>
        <line num="85" count="4" type="stmt"/>
        <line num="98" count="4" type="stmt"/>
        <line num="99" count="1" type="stmt"/>
        <line num="100" count="1" type="stmt"/>
        <line num="102" count="4" type="stmt"/>
        <line num="109" count="6" type="stmt"/>
        <line num="110" count="2" type="stmt"/>
        <line num="111" count="2" type="stmt"/>
        <line num="114" count="6" type="cond" truecount="4" falsecount="0"/>
        <line num="115" count="1" type="stmt"/>
        <line num="122" count="5" type="cond" truecount="2" falsecount="0"/>
        <line num="123" count="6" type="cond" truecount="2" falsecount="0"/>
        <line num="126" count="6" type="cond" truecount="4" falsecount="0"/>
        <line num="127" count="3" type="stmt"/>
        <line num="130" count="2" type="stmt"/>
        <line num="134" count="8" type="stmt"/>
        <line num="135" count="8" type="stmt"/>
        <line num="136" count="8" type="cond" truecount="2" falsecount="0"/>
        <line num="142" count="1" type="stmt"/>
        <line num="144" count="7" type="stmt"/>
      </file>
      <file name="prompt-generator.ts" path="/home/user/cccport/src/utils/prompt-generator.ts">
        <metrics statements="14" coveredstatements="14" conditionals="14" coveredconditionals="14" methods="3" coveredmethods="3"/>
        <line num="15" count="5" type="cond" truecount="2" falsecount="0"/>
        <line num="19" count="5" type="cond" truecount="2" falsecount="0"/>
        <line num="24" count="5" type="cond" truecount="2" falsecount="0"/>
        <line num="25" count="5" type="cond" truecount="2" falsecount="0"/>
        <line num="27" count="5" type="cond" truecount="2" falsecount="0"/>
        <line num="28" count="1" type="stmt"/>
        <line num="46" count="4" type="stmt"/>
        <line num="47" count="4" type="stmt"/>
        <line num="49" count="4" type="stmt"/>
        <line num="57" count="4" type="cond" truecount="2" falsecount="0"/>
        <line num="58" count="1" type="stmt"/>
        <line num="61" count="3" type="cond" truecount="2" falsecount="0"/>
        <line num="62" count="2" type="stmt"/>
        <line num="75" count="1" type="stmt"/>
      </file>
      <file name="scanner.ts" path="/home/user/cccport/src/utils/scanner.ts">
        <metrics statements="45" coveredstatements="45" conditionals="26" coveredconditionals="26" methods="16" coveredmethods="15"/>
        <line num="6" count="1" type="stmt"/>
        <line num="7" count="1" type="stmt"/>
        <line num="17" count="29" type="stmt"/>
        <line num="18" count="29" type="cond" truecount="2" falsecount="0"/>
        <line num="19" count="22" type="stmt"/>
        <line num="21" count="7" type="cond" truecount="4" falsecount="0"/>
        <line num="22" count="5" type="stmt"/>
        <line num="24" count="2" type="stmt"/>
        <line num="28" count="24" type="stmt"/>
        <line num="29" count="20" type="stmt"/>
        <line num="30" count="4" type="stmt"/>
        <line num="34" count="24" type="cond" truecount="2" falsecount="0"/>
        <line num="35" count="4" type="stmt"/>
        <line num="38" count="20" type="stmt"/>
        <line num="41" count="25" type="stmt"/>
        <line num="42" count="25" type="stmt"/>
        <line num="43" count="24" type="stmt"/>
        <line num="44" count="24" type="stmt"/>
        <line num="45" count="24" type="cond" truecount="2" falsecount="0"/>
        <line num="46" count="14" type="stmt"/>
        <line num="48" count="14" type="cond" truecount="2" falsecount="0"/>
        <line num="49" count="5" type="stmt"/>
        <line num="52" count="10" type="stmt"/>
        <line num="57" count="20" type="stmt"/>
        <line num="58" count="20" type="stmt"/>
        <line num="67" count="12" type="stmt"/>
        <line num="68" count="22" type="stmt"/>
        <line num="70" count="12" type="stmt"/>
        <line num="71" count="2" type="stmt"/>
        <line num="74" count="12" type="stmt"/>
        <line num="75" count="22" type="stmt"/>
        <line num="76" count="2" type="stmt"/>
        <line num="79" count="12" type="stmt"/>
        <line num="80" count="12" type="stmt"/>
        <line num="81" count="23" type="cond" truecount="2" falsecount="0"/>
        <line num="82" count="5" type="stmt"/>
        <line num="84" count="18" type="cond" truecount="2" falsecount="0"/>
        <line num="85" count="23" type="stmt"/>
        <line num="95" count="12" type="stmt"/>
        <line num="96" count="17" type="cond" truecount="2" falsecount="0"/>
        <line num="97" count="6" type="cond" truecount="2" falsecount="0"/>
        <line num="99" count="11" type="stmt"/>
        <line num="108" count="12" type="stmt"/>
        <line num="112" count="12" type="stmt"/>
        <line num="132" count="2" type="stmt"/>
      </file>
    </package>
  </project>
</coverage>
