{"/home/user/cccport/src/i18n/en.ts": {"path":"/home/user/cccport/src/i18n/en.ts","statementMap":{"0":{"start":{"line":1,"column":24},"end":{"line":43,"column":null}}},"fnMap":{},"branchMap":{},"s":{"0":2},"f":{},"b":{},"meta":{"lastBranch":0,"lastFunction":0,"lastStatement":1,"seen":{"s:1:24:43:Infinity":0}}}
,"/home/user/cccport/src/i18n/index.ts": {"path":"/home/user/cccport/src/i18n/index.ts","statementMap":{"0":{"start":{"line":9,"column":21},"end":{"line":14,"column":null}},"1":{"start":{"line":15,"column":2},"end":{"line":25,"column":null}},"2":{"start":{"line":16,"column":4},"end":{"line":18,"column":null}},"3":{"start":{"line":17,"column":6},"end":{"line":17,"column":null}},"4":{"start":{"line":19,"column":4},"end":{"line":21,"column":null}},"5":{"start":{"line":20,"column":6},"end":{"line":20,"column":null}},"6":{"start":{"line":22,"column":4},"end":{"line":24,"column":null}},"7":{"start":{"line":23,"column":6},"end":{"line":23,"column":null}},"8":{"start":{"line":26,"column":2},"end":{"line":26,"column":null}},"9":{"start":{"line":29,"column":33},"end":{"line":29,"column":null}},"10":{"start":{"line":30,"column":22},"end":{"line":30,"column":null}},"11":{"start":{"line":33,"column":2},"end":{"line":33,"column":null}},"12":{"start":{"line":34,"column":2},"end":{"line":40,"column":null}},"13":{"start":{"line":35,"column":16},"end":{"line":35,"column":null}},"14":{"start":{"line":36,"column":4},"end":{"line":36,"column":null}},"15":{"start":{"line":38,"column":16},"end":{"line":38,"column":null}},"16":{"start":{"line":39,"column":4},"end":{"line":39,"column":null}},"17":{"start":{"line":44,"column":2},"end":{"line":46,"column":null}},"18":{"start":{"line":45,"column":4},"end":{"line":45,"column":null}},"19":{"start":{"line":47,"column":2},"end":{"line":47,"column":null}},"20":{"start":{"line":51,"column":2},"end":{"line":51,"column":null}}},"fnMap":{"0":{"name":"detectLocale","decl":{"start":{"line":8,"column":16},"end":{"line":8,"column":39}},"loc":{"start":{"line":8,"column":39},"end":{"line":27,"column":null}},"line":8},"1":{"name":"initI18n","decl":{"start":{"line":32,"column":22},"end":{"line":32,"column":31}},"loc":{"start":{"line":32,"column":63},"end":{"line":41,"column":null}},"line":32},"2":{"name":"t","decl":{"start":{"line":43,"column":16},"end":{"line":43,"column":18}},"loc":{"start":{"line":43,"column":47},"end":{"line":48,"column":null}},"line":43},"3":{"name":"currentLocale","decl":{"start":{"line":50,"column":16},"end":{"line":50,"column":40}},"loc":{"start":{"line":50,"column":40},"end":{"line":52,"column":null}},"line":50}},"branchMap":{"0":{"loc":{"start":{"line":16,"column":4},"end":{"line":18,"column":null}},"type":"if","locations":[{"start":{"line":16,"column":4},"end":{"line":18,"column":null}},{"start":{},"end":{}}],"line":16},"1":{"loc":{"start":{"line":19,"column":4},"end":{"line":21,"column":null}},"type":"if","locations":[{"start":{"line":19,"column":4},"end":{"line":21,"column":null}},{"start":{},"end":{}}],"line":19},"2":{"loc":{"start":{"line":22,"column":4},"end":{"line":24,"column":null}},"type":"if","locations":[{"start":{"line":22,"column":4},"end":{"line":24,"column":null}},{"start":{},"end":{}}],"line":22},"3":{"loc":{"start":{"line":33,"column":12},"end":{"line":33,"column":null}},"type":"binary-expr","locations":[{"start":{"line":33,"column":12},"end":{"line":33,"column":22}},{"start":{"line":33,"column":22},"end":{"line":33,"column":null}}],"line":33},"4":{"loc":{"start":{"line":34,"column":2},"end":{"line":40,"column":null}},"type":"if","locations":[{"start":{"line":34,"column":2},"end":{"line":40,"column":null}},{"start":{"line":37,"column":9},"end":{"line":40,"column":null}}],"line":34},"5":{"loc":{"start":{"line":44,"column":2},"end":{"line":46,"column":null}},"type":"if","locations":[{"start":{"line":44,"column":2},"end":{"line":46,"column":null}},{"start":{},"end":{}}],"line":44},"6":{"loc":{"start":{"line":47,"column":9},"end":{"line":47,"column":null}},"type":"binary-expr","locations":[{"start":{"line":47,"column":9},"end":{"line":47,"column":27}},{"start":{"line":47,"column":27},"end":{"line":47,"column":null}}],"line":47}},"s":{"0":9,"1":9,"2":23,"3":15,"4":8,"5":6,"6":2,"7":1,"8":2,"9":2,"10":2,"11":12,"12":12,"13":4,"14":4,"15":8,"16":8,"17":16,"18":1,"19":15,"20":2},"f":{"0":9,"1":12,"2":16,"3":2},"b":{"0":[15,8],"1":[6,2],"2":[1,1],"3":[12,1],"4":[4,8],"5":[1,15],"6":[15,1]},"meta":{"lastBranch":7,"lastFunction":4,"lastStatement":21,"seen":{"f:8:16:8:39":0,"s:9:21:14:Infinity":0,"s:15:2:25:Infinity":1,"b:16:4:18:Infinity:undefined:undefined:undefined:undefined":0,"s:16:4:18:Infinity":2,"s:17:6:17:Infinity":3,"b:19:4:21:Infinity:undefined:undefined:undefined:undefined":1,"s:19:4:21:Infinity":4,"s:20:6:20:Infinity":5,"b:22:4:24:Infinity:undefined:undefined:undefined:undefined":2,"s:22:4:24:Infinity":6,"s:23:6:23:Infinity":7,"s:26:2:26:Infinity":8,"s:29:33:29:Infinity":9,"s:30:22:30:Infinity":10,"f:32:22:32:31":1,"s:33:2:33:Infinity":11,"b:33:12:33:22:33:22:33:Infinity":3,"b:34:2:40:Infinity:37:9:40:Infinity":4,"s:34:2:40:Infinity":12,"s:35:16:35:Infinity":13,"s:36:4:36:Infinity":14,"s:38:16:38:Infinity":15,"s:39:4:39:Infinity":16,"f:43:16:43:18":2,"b:44:2:46:Infinity:undefined:undefined:undefined:undefined":5,"s:44:2:46:Infinity":17,"s:45:4:45:Infinity":18,"s:47:2:47:Infinity":19,"b:47:9:47:27:47:27:47:Infinity":6,"f:50:16:50:40":3,"s:51:2:51:Infinity":20}}}
,"/home/user/cccport/src/i18n/ja.ts": {"path":"/home/user/cccport/src/i18n/ja.ts","statementMap":{"0":{"start":{"line":3,"column":65},"end":{"line":46,"column":null}}},"fnMap":{},"branchMap":{},"s":{"0":2},"f":{},"b":{},"meta":{"lastBranch":0,"lastFunction":0,"lastStatement":1,"seen":{"s:3:65:46:Infinity":0}}}
,"/home/user/cccport/src/utils/diff.ts": {"path":"/home/user/cccport/src/utils/diff.ts","statementMap":{"0":{"start":{"line":13,"column":2},"end":{"line":15,"column":null}},"1":{"start":{"line":14,"column":4},"end":{"line":14,"column":null}},"2":{"start":{"line":16,"column":2},"end":{"line":23,"column":null}},"3":{"start":{"line":18,"column":4},"end":{"line":22,"column":null}},"4":{"start":{"line":20,"column":53},"end":{"line":20,"column":61}},"5":{"start":{"line":24,"column":2},"end":{"line":30,"column":null}},"6":{"start":{"line":25,"column":4},"end":{"line":29,"column":null}},"7":{"start":{"line":27,"column":41},"end":{"line":27,"column":49}},"8":{"start":{"line":31,"column":2},"end":{"line":33,"column":null}},"9":{"start":{"line":32,"column":4},"end":{"line":32,"column":null}},"10":{"start":{"line":35,"column":15},"end":{"line":35,"column":null}},"11":{"start":{"line":36,"column":15},"end":{"line":36,"column":null}},"12":{"start":{"line":37,"column":16},"end":{"line":46,"column":null}},"13":{"start":{"line":40,"column":21},"end":{"line":40,"column":33}},"14":{"start":{"line":41,"column":18},"end":{"line":41,"column":26}},"15":{"start":{"line":44,"column":21},"end":{"line":44,"column":33}},"16":{"start":{"line":45,"column":18},"end":{"line":45,"column":26}},"17":{"start":{"line":47,"column":16},"end":{"line":47,"column":null}},"18":{"start":{"line":47,"column":36},"end":{"line":47,"column":53}},"19":{"start":{"line":48,"column":18},"end":{"line":48,"column":null}},"20":{"start":{"line":48,"column":38},"end":{"line":48,"column":55}},"21":{"start":{"line":49,"column":2},"end":{"line":53,"column":null}},"22":{"start":{"line":60,"column":2},"end":{"line":63,"column":null}},"23":{"start":{"line":62,"column":4},"end":{"line":62,"column":null}},"24":{"start":{"line":65,"column":26},"end":{"line":65,"column":null}},"25":{"start":{"line":66,"column":2},"end":{"line":77,"column":null}},"26":{"start":{"line":67,"column":17},"end":{"line":67,"column":null}},"27":{"start":{"line":68,"column":17},"end":{"line":68,"column":null}},"28":{"start":{"line":69,"column":4},"end":{"line":76,"column":null}},"29":{"start":{"line":70,"column":6},"end":{"line":70,"column":null}},"30":{"start":{"line":71,"column":4},"end":{"line":76,"column":null}},"31":{"start":{"line":72,"column":6},"end":{"line":72,"column":null}},"32":{"start":{"line":73,"column":4},"end":{"line":76,"column":null}},"33":{"start":{"line":74,"column":6},"end":{"line":74,"column":null}},"34":{"start":{"line":75,"column":6},"end":{"line":75,"column":null}},"35":{"start":{"line":79,"column":2},"end":{"line":81,"column":null}},"36":{"start":{"line":80,"column":4},"end":{"line":80,"column":null}},"37":{"start":{"line":83,"column":16},"end":{"line":83,"column":null}},"38":{"start":{"line":83,"column":36},"end":{"line":83,"column":53}},"39":{"start":{"line":84,"column":18},"end":{"line":84,"column":null}},"40":{"start":{"line":84,"column":38},"end":{"line":84,"column":55}},"41":{"start":{"line":85,"column":2},"end":{"line":89,"column":null}},"42":{"start":{"line":98,"column":23},"end":{"line":101,"column":null}},"43":{"start":{"line":99,"column":41},"end":{"line":99,"column":45}},"44":{"start":{"line":100,"column":41},"end":{"line":100,"column":45}},"45":{"start":{"line":102,"column":2},"end":{"line":102,"column":null}},"46":{"start":{"line":109,"column":23},"end":{"line":112,"column":null}},"47":{"start":{"line":110,"column":41},"end":{"line":110,"column":45}},"48":{"start":{"line":111,"column":41},"end":{"line":111,"column":45}},"49":{"start":{"line":114,"column":2},"end":{"line":120,"column":null}},"50":{"start":{"line":115,"column":4},"end":{"line":119,"column":null}},"51":{"start":{"line":122,"column":15},"end":{"line":122,"column":null}},"52":{"start":{"line":123,"column":15},"end":{"line":123,"column":null}},"53":{"start":{"line":126,"column":2},"end":{"line":128,"column":null}},"54":{"start":{"line":127,"column":4},"end":{"line":127,"column":null}},"55":{"start":{"line":130,"column":2},"end":{"line":130,"column":null}},"56":{"start":{"line":134,"column":28},"end":{"line":134,"column":null}},"57":{"start":{"line":135,"column":8},"end":{"line":135,"column":null}},"58":{"start":{"line":136,"column":2},"end":{"line":143,"column":null}},"59":{"start":{"line":142,"column":4},"end":{"line":142,"column":null}},"60":{"start":{"line":144,"column":2},"end":{"line":144,"column":null}}},"fnMap":{"0":{"name":"diffText","decl":{"start":{"line":12,"column":16},"end":{"line":12,"column":25}},"loc":{"start":{"line":12,"column":79},"end":{"line":54,"column":null}},"line":12},"1":{"name":"(anonymous_1)","decl":{"start":{"line":20,"column":46},"end":{"line":20,"column":47}},"loc":{"start":{"line":20,"column":53},"end":{"line":20,"column":61}},"line":20},"2":{"name":"(anonymous_2)","decl":{"start":{"line":27,"column":34},"end":{"line":27,"column":35}},"loc":{"start":{"line":27,"column":41},"end":{"line":27,"column":49}},"line":27},"3":{"name":"(anonymous_3)","decl":{"start":{"line":40,"column":14},"end":{"line":40,"column":15}},"loc":{"start":{"line":40,"column":21},"end":{"line":40,"column":33}},"line":40},"4":{"name":"(anonymous_4)","decl":{"start":{"line":41,"column":11},"end":{"line":41,"column":12}},"loc":{"start":{"line":41,"column":18},"end":{"line":41,"column":26}},"line":41},"5":{"name":"(anonymous_5)","decl":{"start":{"line":44,"column":14},"end":{"line":44,"column":15}},"loc":{"start":{"line":44,"column":21},"end":{"line":44,"column":33}},"line":44},"6":{"name":"(anonymous_6)","decl":{"start":{"line":45,"column":11},"end":{"line":45,"column":12}},"loc":{"start":{"line":45,"column":18},"end":{"line":45,"column":26}},"line":45},"7":{"name":"(anonymous_7)","decl":{"start":{"line":47,"column":29},"end":{"line":47,"column":30}},"loc":{"start":{"line":47,"column":36},"end":{"line":47,"column":53}},"line":47},"8":{"name":"(anonymous_8)","decl":{"start":{"line":48,"column":31},"end":{"line":48,"column":32}},"loc":{"start":{"line":48,"column":38},"end":{"line":48,"column":55}},"line":48},"9":{"name":"diffJsonObjects","decl":{"start":{"line":56,"column":16},"end":{"line":56,"column":null}},"loc":{"start":{"line":59,"column":14},"end":{"line":90,"column":null}},"line":59},"10":{"name":"(anonymous_10)","decl":{"start":{"line":83,"column":29},"end":{"line":83,"column":30}},"loc":{"start":{"line":83,"column":36},"end":{"line":83,"column":53}},"line":83},"11":{"name":"(anonymous_11)","decl":{"start":{"line":84,"column":31},"end":{"line":84,"column":32}},"loc":{"start":{"line":84,"column":38},"end":{"line":84,"column":55}},"line":84},"12":{"name":"diffFiles","decl":{"start":{"line":94,"column":22},"end":{"line":94,"column":null}},"loc":{"start":{"line":97,"column":23},"end":{"line":103,"column":null}},"line":97},"13":{"name":"(anonymous_13)","decl":{"start":{"line":99,"column":35},"end":{"line":99,"column":41}},"loc":{"start":{"line":99,"column":41},"end":{"line":99,"column":45}},"line":99},"14":{"name":"(anonymous_14)","decl":{"start":{"line":100,"column":35},"end":{"line":100,"column":41}},"loc":{"start":{"line":100,"column":41},"end":{"line":100,"column":45}},"line":100},"15":{"name":"diffJsonFiles","decl":{"start":{"line":105,"column":22},"end":{"line":105,"column":null}},"loc":{"start":{"line":108,"column":23},"end":{"line":131,"column":null}},"line":108},"16":{"name":"(anonymous_16)","decl":{"start":{"line":110,"column":35},"end":{"line":110,"column":41}},"loc":{"start":{"line":110,"column":41},"end":{"line":110,"column":45}},"line":110},"17":{"name":"(anonymous_17)","decl":{"start":{"line":111,"column":35},"end":{"line":111,"column":41}},"loc":{"start":{"line":111,"column":41},"end":{"line":111,"column":45}},"line":111},"18":{"name":"parseJsoncSafe","decl":{"start":{"line":133,"column":9},"end":{"line":133,"column":24}},"loc":{"start":{"line":133,"column":69},"end":{"line":145,"column":null}},"line":133}},"branchMap":{"0":{"loc":{"start":{"line":13,"column":2},"end":{"line":15,"column":null}},"type":"if","locations":[{"start":{"line":13,"column":2},"end":{"line":15,"column":null}},{"start":{},"end":{}}],"line":13},"1":{"loc":{"start":{"line":13,"column":6},"end":{"line":13,"column":38}},"type":"binary-expr","locations":[{"start":{"line":13,"column":6},"end":{"line":13,"column":23}},{"start":{"line":13,"column":23},"end":{"line":13,"column":38}}],"line":13},"2":{"loc":{"start":{"line":16,"column":2},"end":{"line":23,"column":null}},"type":"if","locations":[{"start":{"line":16,"column":2},"end":{"line":23,"column":null}},{"start":{},"end":{}}],"line":16},"3":{"loc":{"start":{"line":24,"column":2},"end":{"line":30,"column":null}},"type":"if","locations":[{"start":{"line":24,"column":2},"end":{"line":30,"column":null}},{"start":{},"end":{}}],"line":24},"4":{"loc":{"start":{"line":31,"column":2},"end":{"line":33,"column":null}},"type":"if","locations":[{"start":{"line":31,"column":2},"end":{"line":33,"column":null}},{"start":{},"end":{}}],"line":31},"5":{"loc":{"start":{"line":60,"column":2},"end":{"line":63,"column":null}},"type":"if","locations":[{"start":{"line":60,"column":2},"end":{"line":63,"column":null}},{"start":{},"end":{}}],"line":60},"6":{"loc":{"start":{"line":60,"column":6},"end":{"line":60,"column":38}},"type":"binary-expr","locations":[{"start":{"line":60,"column":6},"end":{"line":60,"column":23}},{"start":{"line":60,"column":23},"end":{"line":60,"column":38}}],"line":60},"7":{"loc":{"start":{"line":69,"column":4},"end":{"line":76,"column":null}},"type":"if","locations":[{"start":{"line":69,"column":4},"end":{"line":76,"column":null}},{"start":{"line":71,"column":4},"end":{"line":76,"column":null}}],"line":69},"8":{"loc":{"start":{"line":71,"column":4},"end":{"line":76,"column":null}},"type":"if","locations":[{"start":{"line":71,"column":4},"end":{"line":76,"column":null}},{"start":{"line":73,"column":4},"end":{"line":76,"column":null}}],"line":71},"9":{"loc":{"start":{"line":73,"column":4},"end":{"line":76,"column":null}},"type":"if","locations":[{"start":{"line":73,"column":4},"end":{"line":76,"column":null}},{"start":{},"end":{}}],"line":73},"10":{"loc":{"start":{"line":79,"column":2},"end":{"line":81,"column":null}},"type":"if","locations":[{"start":{"line":79,"column":2},"end":{"line":81,"column":null}},{"start":{},"end":{}}],"line":79},"11":{"loc":{"start":{"line":114,"column":2},"end":{"line":120,"column":null}},"type":"if","locations":[{"start":{"line":114,"column":2},"end":{"line":120,"column":null}},{"start":{},"end":{}}],"line":114},"12":{"loc":{"start":{"line":114,"column":6},"end":{"line":114,"column":38}},"type":"binary-expr","locations":[{"start":{"line":114,"column":6},"end":{"line":114,"column":23}},{"start":{"line":114,"column":23},"end":{"line":114,"column":38}}],"line":114},"13":{"loc":{"start":{"line":122,"column":15},"end":{"line":122,"column":null}},"type":"cond-expr","locations":[{"start":{"line":122,"column":22},"end":{"line":122,"column":45}},{"start":{"line":122,"column":45},"end":{"line":122,"column":null}}],"line":122},"14":{"loc":{"start":{"line":123,"column":15},"end":{"line":123,"column":null}},"type":"cond-expr","locations":[{"start":{"line":123,"column":22},"end":{"line":123,"column":45}},{"start":{"line":123,"column":45},"end":{"line":123,"column":null}}],"line":123},"15":{"loc":{"start":{"line":126,"column":2},"end":{"line":128,"column":null}},"type":"if","locations":[{"start":{"line":126,"column":2},"end":{"line":128,"column":null}},{"start":{},"end":{}}],"line":126},"16":{"loc":{"start":{"line":126,"column":6},"end":{"line":126,"column":38}},"type":"binary-expr","locations":[{"start":{"line":126,"column":6},"end":{"line":126,"column":23}},{"start":{"line":126,"column":23},"end":{"line":126,"column":38}}],"line":126},"17":{"loc":{"start":{"line":136,"column":2},"end":{"line":143,"column":null}},"type":"if","locations":[{"start":{"line":136,"column":2},"end":{"line":143,"column":null}},{"start":{},"end":{}}],"line":136},"18":{"loc":{"start":{"line":137,"column":4},"end":{"line":140,"column":null}},"type":"binary-expr","locations":[{"start":{"line":137,"column":4},"end":{"line":137,"column":null}},{"start":{"line":138,"column":4},"end":{"line":138,"column":null}},{"start":{"line":139,"column":4},"end":{"line":139,"column":null}},{"start":{"line":140,"column":4},"end":{"line":140,"column":null}}],"line":137}},"s":{"0":12,"1":1,"2":11,"3":3,"4":4,"5":8,"6":3,"7":4,"8":5,"9":2,"10":3,"11":3,"12":3,"13":5,"14":3,"15":5,"16":3,"17":3,"18":6,"19":3,"20":6,"21":3,"22":7,"23":1,"24":6,"25":6,"26":11,"27":11,"28":11,"29":2,"30":9,"31":2,"32":7,"33":2,"34":2,"35":6,"36":2,"37":4,"38":8,"39":4,"40":8,"41":4,"42":4,"43":1,"44":1,"45":4,"46":6,"47":2,"48":2,"49":6,"50":1,"51":5,"52":6,"53":6,"54":3,"55":2,"56":8,"57":8,"58":8,"59":1,"60":7},"f":{"0":12,"1":4,"2":4,"3":5,"4":3,"5":5,"6":3,"7":6,"8":6,"9":7,"10":8,"11":8,"12":4,"13":1,"14":1,"15":6,"16":2,"17":2,"18":8},"b":{"0":[1,11],"1":[12,4],"2":[3,8],"3":[3,5],"4":[2,3],"5":[1,6],"6":[7,6],"7":[2,9],"8":[2,7],"9":[2,5],"10":[2,4],"11":[1,5],"12":[6,2],"13":[4,1],"14":[4,1],"15":[3,3],"16":[6,4],"17":[1,7],"18":[8,7,7,7]},"meta":{"lastBranch":19,"lastFunction":19,"lastStatement":61,"seen":{"f:12:16:12:25":0,"b:13:2:15:Infinity:undefined:undefined:undefined:undefined":0,"s:13:2:15:Infinity":0,"b:13:6:13:23:13:23:13:38":1,"s:14:4:14:Infinity":1,"b:16:2:23:Infinity:undefined:undefined:undefined:undefined":2,"s:16:2:23:Infinity":2,"s:18:4:22:Infinity":3,"f:20:46:20:47":1,"s:20:53:20:61":4,"b:24:2:30:Infinity:undefined:undefined:undefined:undefined":3,"s:24:2:30:Infinity":5,"s:25:4:29:Infinity":6,"f:27:34:27:35":2,"s:27:41:27:49":7,"b:31:2:33:Infinity:undefined:undefined:undefined:undefined":4,"s:31:2:33:Infinity":8,"s:32:4:32:Infinity":9,"s:35:15:35:Infinity":10,"s:36:15:36:Infinity":11,"s:37:16:46:Infinity":12,"f:40:14:40:15":3,"s:40:21:40:33":13,"f:41:11:41:12":4,"s:41:18:41:26":14,"f:44:14:44:15":5,"s:44:21:44:33":15,"f:45:11:45:12":6,"s:45:18:45:26":16,"s:47:16:47:Infinity":17,"f:47:29:47:30":7,"s:47:36:47:53":18,"s:48:18:48:Infinity":19,"f:48:31:48:32":8,"s:48:38:48:55":20,"s:49:2:53:Infinity":21,"f:56:16:56:Infinity":9,"b:60:2:63:Infinity:undefined:undefined:undefined:undefined":5,"s:60:2:63:Infinity":22,"b:60:6:60:23:60:23:60:38":6,"s:62:4:62:Infinity":23,"s:65:26:65:Infinity":24,"s:66:2:77:Infinity":25,"s:67:17:67:Infinity":26,"s:68:17:68:Infinity":27,"b:69:4:76:Infinity:71:4:76:Infinity":7,"s:69:4:76:Infinity":28,"s:70:6:70:Infinity":29,"b:71:4:76:Infinity:73:4:76:Infinity":8,"s:71:4:76:Infinity":30,"s:72:6:72:Infinity":31,"b:73:4:76:Infinity:undefined:undefined:undefined:undefined":9,"s:73:4:76:Infinity":32,"s:74:6:74:Infinity":33,"s:75:6:75:Infinity":34,"b:79:2:81:Infinity:undefined:undefined:undefined:undefined":10,"s:79:2:81:Infinity":35,"s:80:4:80:Infinity":36,"s:83:16:83:Infinity":37,"f:83:29:83:30":10,"s:83:36:83:53":38,"s:84:18:84:Infinity":39,"f:84:31:84:32":11,"s:84:38:84:55":40,"s:85:2:89:Infinity":41,"f:94:22:94:Infinity":12,"s:98:23:101:Infinity":42,"f:99:35:99:41":13,"s:99:41:99:45":43,"f:100:35:100:41":14,"s:100:41:100:45":44,"s:102:2:102:Infinity":45,"f:105:22:105:Infinity":15,"s:109:23:112:Infinity":46,"f:110:35:110:41":16,"s:110:41:110:45":47,"f:111:35:111:41":17,"s:111:41:111:45":48,"b:114:2:120:Infinity:undefined:undefined:undefined:undefined":11,"s:114:2:120:Infinity":49,"b:114:6:114:23:114:23:114:38":12,"s:115:4:119:Infinity":50,"s:122:15:122:Infinity":51,"b:122:22:122:45:122:45:122:Infinity":13,"s:123:15:123:Infinity":52,"b:123:22:123:45:123:45:123:Infinity":14,"b:126:2:128:Infinity:undefined:undefined:undefined:undefined":15,"s:126:2:128:Infinity":53,"b:126:6:126:23:126:23:126:38":16,"s:127:4:127:Infinity":54,"s:130:2:130:Infinity":55,"f:133:9:133:24":18,"s:134:28:134:Infinity":56,"s:135:8:135:Infinity":57,"b:136:2:143:Infinity:undefined:undefined:undefined:undefined":17,"s:136:2:143:Infinity":58,"b:137:4:137:Infinity:138:4:138:Infinity:139:4:139:Infinity:140:4:140:Infinity":18,"s:142:4:142:Infinity":59,"s:144:2:144:Infinity":60}}}
,"/home/user/cccport/src/utils/prompt-generator.ts": {"path":"/home/user/cccport/src/utils/prompt-generator.ts","statementMap":{"0":{"start":{"line":15,"column":4},"end":{"line":17,"column":null}},"1":{"start":{"line":19,"column":4},"end":{"line":21,"column":null}},"2":{"start":{"line":24,"column":4},"end":{"line":24,"column":null}},"3":{"start":{"line":25,"column":17},"end":{"line":25,"column":null}},"4":{"start":{"line":27,"column":2},"end":{"line":44,"column":null}},"5":{"start":{"line":28,"column":4},"end":{"line":43,"column":null}},"6":{"start":{"line":46,"column":22},"end":{"line":46,"column":null}},"7":{"start":{"line":46,"column":68},"end":{"line":46,"column":72}},"8":{"start":{"line":47,"column":20},"end":{"line":47,"column":null}},"9":{"start":{"line":47,"column":64},"end":{"line":47,"column":68}},"10":{"start":{"line":49,"column":17},"end":{"line":55,"column":null}},"11":{"start":{"line":57,"column":2},"end":{"line":59,"column":null}},"12":{"start":{"line":58,"column":4},"end":{"line":58,"column":null}},"13":{"start":{"line":61,"column":2},"end":{"line":73,"column":null}},"14":{"start":{"line":62,"column":4},"end":{"line":72,"column":null}},"15":{"start":{"line":75,"column":2},"end":{"line":98,"column":null}}},"fnMap":{"0":{"name":"generateMigrationPrompt","decl":{"start":{"line":10,"column":22},"end":{"line":10,"column":null}},"loc":{"start":{"line":13,"column":19},"end":{"line":99,"column":null}},"line":13},"1":{"name":"(anonymous_1)","decl":{"start":{"line":46,"column":62},"end":{"line":46,"column":68}},"loc":{"start":{"line":46,"column":68},"end":{"line":46,"column":72}},"line":46},"2":{"name":"(anonymous_2)","decl":{"start":{"line":47,"column":58},"end":{"line":47,"column":64}},"loc":{"start":{"line":47,"column":64},"end":{"line":47,"column":68}},"line":47}},"branchMap":{"0":{"loc":{"start":{"line":15,"column":4},"end":{"line":17,"column":null}},"type":"cond-expr","locations":[{"start":{"line":16,"column":8},"end":{"line":16,"column":null}},{"start":{"line":17,"column":8},"end":{"line":17,"column":null}}],"line":15},"1":{"loc":{"start":{"line":19,"column":4},"end":{"line":21,"column":null}},"type":"cond-expr","locations":[{"start":{"line":20,"column":8},"end":{"line":20,"column":null}},{"start":{"line":21,"column":8},"end":{"line":21,"column":null}}],"line":19},"2":{"loc":{"start":{"line":24,"column":4},"end":{"line":24,"column":null}},"type":"cond-expr","locations":[{"start":{"line":24,"column":34},"end":{"line":24,"column":52}},{"start":{"line":24,"column":52},"end":{"line":24,"column":null}}],"line":24},"3":{"loc":{"start":{"line":25,"column":17},"end":{"line":25,"column":null}},"type":"cond-expr","locations":[{"start":{"line":25,"column":45},"end":{"line":25,"column":63}},{"start":{"line":25,"column":63},"end":{"line":25,"column":null}}],"line":25},"4":{"loc":{"start":{"line":27,"column":2},"end":{"line":44,"column":null}},"type":"if","locations":[{"start":{"line":27,"column":2},"end":{"line":44,"column":null}},{"start":{},"end":{}}],"line":27},"5":{"loc":{"start":{"line":57,"column":2},"end":{"line":59,"column":null}},"type":"if","locations":[{"start":{"line":57,"column":2},"end":{"line":59,"column":null}},{"start":{},"end":{}}],"line":57},"6":{"loc":{"start":{"line":61,"column":2},"end":{"line":73,"column":null}},"type":"if","locations":[{"start":{"line":61,"column":2},"end":{"line":73,"column":null}},{"start":{},"end":{}}],"line":61}},"s":{"0":5,"1":5,"2":5,"3":5,"4":5,"5":1,"6":4,"7":1,"8":4,"9":3,"10":4,"11":4,"12":1,"13":3,"14":2,"15":1},"f":{"0":5,"1":1,"2":3},"b":{"0":[4,1],"1":[1,4],"2":[4,1],"3":[1,4],"4":[1,4],"5":[1,3],"6":[2,1]},"meta":{"lastBranch":7,"lastFunction":3,"lastStatement":16,"seen":{"f:10:22:10:Infinity":0,"s:15:4:17:Infinity":0,"b:16:8:16:Infinity:17:8:17:Infinity":0,"s:19:4:21:Infinity":1,"b:20:8:20:Infinity:21:8:21:Infinity":1,"s:24:4:24:Infinity":2,"b:24:34:24:52:24:52:24:Infinity":2,"s:25:17:25:Infinity":3,"b:25:45:25:63:25:63:25:Infinity":3,"b:27:2:44:Infinity:undefined:undefined:undefined:undefined":4,"s:27:2:44:Infinity":4,"s:28:4:43:Infinity":5,"s:46:22:46:Infinity":6,"f:46:62:46:68":1,"s:46:68:46:72":7,"s:47:20:47:Infinity":8,"f:47:58:47:64":2,"s:47:64:47:68":9,"s:49:17:55:Infinity":10,"b:57:2:59:Infinity:undefined:undefined:undefined:undefined":5,"s:57:2:59:Infinity":11,"s:58:4:58:Infinity":12,"b:61:2:73:Infinity:undefined:undefined:undefined:undefined":6,"s:61:2:73:Infinity":13,"s:62:4:72:Infinity":14,"s:75:2:98:Infinity":15}}}
,"/home/user/cccport/src/utils/scanner.ts": {"path":"/home/user/cccport/src/utils/scanner.ts","statementMap":{"0":{"start":{"line":6,"column":19},"end":{"line":6,"column":null}},"1":{"start":{"line":7,"column":23},"end":{"line":7,"column":null}},"2":{"start":{"line":17,"column":16},"end":{"line":17,"column":null}},"3":{"start":{"line":18,"column":2},"end":{"line":20,"column":null}},"4":{"start":{"line":19,"column":4},"end":{"line":19,"column":null}},"5":{"start":{"line":21,"column":2},"end":{"line":23,"column":null}},"6":{"start":{"line":22,"column":4},"end":{"line":22,"column":null}},"7":{"start":{"line":24,"column":2},"end":{"line":24,"column":null}},"8":{"start":{"line":28,"column":2},"end":{"line":30,"column":null}},"9":{"start":{"line":29,"column":16},"end":{"line":29,"column":20}},"10":{"start":{"line":30,"column":17},"end":{"line":30,"column":22}},"11":{"start":{"line":34,"column":2},"end":{"line":36,"column":null}},"12":{"start":{"line":35,"column":4},"end":{"line":35,"column":null}},"13":{"start":{"line":38,"column":28},"end":{"line":38,"column":null}},"14":{"start":{"line":41,"column":20},"end":{"line":41,"column":null}},"15":{"start":{"line":42,"column":4},"end":{"line":54,"column":null}},"16":{"start":{"line":43,"column":12},"end":{"line":43,"column":null}},"17":{"start":{"line":44,"column":12},"end":{"line":44,"column":null}},"18":{"start":{"line":45,"column":6},"end":{"line":53,"column":null}},"19":{"start":{"line":46,"column":8},"end":{"line":46,"column":null}},"20":{"start":{"line":48,"column":8},"end":{"line":50,"column":null}},"21":{"start":{"line":49,"column":10},"end":{"line":49,"column":null}},"22":{"start":{"line":52,"column":8},"end":{"line":52,"column":null}},"23":{"start":{"line":57,"column":2},"end":{"line":57,"column":null}},"24":{"start":{"line":58,"column":2},"end":{"line":58,"column":null}},"25":{"start":{"line":67,"column":21},"end":{"line":69,"column":null}},"26":{"start":{"line":68,"column":32},"end":{"line":68,"column":47}},"27":{"start":{"line":68,"column":60},"end":{"line":68,"column":74}},"28":{"start":{"line":70,"column":22},"end":{"line":72,"column":null}},"29":{"start":{"line":71,"column":33},"end":{"line":71,"column":48}},"30":{"start":{"line":71,"column":61},"end":{"line":71,"column":75}},"31":{"start":{"line":74,"column":18},"end":{"line":77,"column":null}},"32":{"start":{"line":75,"column":32},"end":{"line":75,"column":61}},"33":{"start":{"line":76,"column":33},"end":{"line":76,"column":62}},"34":{"start":{"line":79,"column":30},"end":{"line":79,"column":null}},"35":{"start":{"line":80,"column":2},"end":{"line":93,"column":null}},"36":{"start":{"line":81,"column":4},"end":{"line":83,"column":null}},"37":{"start":{"line":82,"column":6},"end":{"line":82,"column":null}},"38":{"start":{"line":84,"column":24},"end":{"line":84,"column":null}},"39":{"start":{"line":85,"column":4},"end":{"line":92,"column":null}},"40":{"start":{"line":95,"column":2},"end":{"line":100,"column":null}},"41":{"start":{"line":96,"column":4},"end":{"line":98,"column":null}},"42":{"start":{"line":97,"column":6},"end":{"line":97,"column":null}},"43":{"start":{"line":99,"column":4},"end":{"line":99,"column":null}},"44":{"start":{"line":108,"column":42},"end":{"line":111,"column":null}},"45":{"start":{"line":112,"column":2},"end":{"line":121,"column":null}},"46":{"start":{"line":132,"column":2},"end":{"line":135,"column":null}}},"fnMap":{"0":{"name":"shouldInclude","decl":{"start":{"line":16,"column":9},"end":{"line":16,"column":23}},"loc":{"start":{"line":16,"column":45},"end":{"line":25,"column":null}},"line":16},"1":{"name":"pathExists","decl":{"start":{"line":27,"column":9},"end":{"line":27,"column":20}},"loc":{"start":{"line":27,"column":49},"end":{"line":31,"column":null}},"line":27},"2":{"name":"(anonymous_2)","decl":{"start":{"line":29,"column":10},"end":{"line":29,"column":16}},"loc":{"start":{"line":29,"column":16},"end":{"line":29,"column":20}},"line":29},"3":{"name":"(anonymous_3)","decl":{"start":{"line":30,"column":11},"end":{"line":30,"column":17}},"loc":{"start":{"line":30,"column":17},"end":{"line":30,"column":22}},"line":30},"4":{"name":"walkClaudeDir","decl":{"start":{"line":33,"column":15},"end":{"line":33,"column":29}},"loc":{"start":{"line":33,"column":62},"end":{"line":59,"column":null}},"line":33},"5":{"name":"walk","decl":{"start":{"line":40,"column":17},"end":{"line":40,"column":22}},"loc":{"start":{"line":40,"column":50},"end":{"line":55,"column":null}},"line":40},"6":{"name":"buildFileList","decl":{"start":{"line":61,"column":9},"end":{"line":61,"column":null}},"loc":{"start":{"line":66,"column":16},"end":{"line":101,"column":null}},"line":66},"7":{"name":"(anonymous_7)","decl":{"start":{"line":68,"column":25},"end":{"line":68,"column":26}},"loc":{"start":{"line":68,"column":32},"end":{"line":68,"column":47}},"line":68},"8":{"name":"(anonymous_8)","decl":{"start":{"line":68,"column":53},"end":{"line":68,"column":54}},"loc":{"start":{"line":68,"column":60},"end":{"line":68,"column":74}},"line":68},"9":{"name":"(anonymous_9)","decl":{"start":{"line":71,"column":26},"end":{"line":71,"column":27}},"loc":{"start":{"line":71,"column":33},"end":{"line":71,"column":48}},"line":71},"10":{"name":"(anonymous_10)","decl":{"start":{"line":71,"column":54},"end":{"line":71,"column":55}},"loc":{"start":{"line":71,"column":61},"end":{"line":71,"column":75}},"line":71},"11":{"name":"(anonymous_11)","decl":{"start":{"line":75,"column":25},"end":{"line":75,"column":26}},"loc":{"start":{"line":75,"column":32},"end":{"line":75,"column":61}},"line":75},"12":{"name":"(anonymous_12)","decl":{"start":{"line":76,"column":26},"end":{"line":76,"column":27}},"loc":{"start":{"line":76,"column":33},"end":{"line":76,"column":62}},"line":76},"13":{"name":"(anonymous_13)","decl":{"start":{"line":95,"column":20},"end":{"line":95,"column":21}},"loc":{"start":{"line":95,"column":30},"end":{"line":100,"column":3}},"line":95},"14":{"name":"scanWithRoots","decl":{"start":{"line":104,"column":22},"end":{"line":104,"column":null}},"loc":{"start":{"line":107,"column":23},"end":{"line":122,"column":null}},"line":107},"15":{"name":"scanClaudeDirs","decl":{"start":{"line":128,"column":16},"end":{"line":128,"column":null}},"loc":{"start":{"line":131,"column":23},"end":{"line":136,"column":null}},"line":131}},"branchMap":{"0":{"loc":{"start":{"line":18,"column":2},"end":{"line":20,"column":null}},"type":"if","locations":[{"start":{"line":18,"column":2},"end":{"line":20,"column":null}},{"start":{},"end":{}}],"line":18},"1":{"loc":{"start":{"line":21,"column":2},"end":{"line":23,"column":null}},"type":"if","locations":[{"start":{"line":21,"column":2},"end":{"line":23,"column":null}},{"start":{},"end":{}}],"line":21},"2":{"loc":{"start":{"line":21,"column":6},"end":{"line":21,"column":51}},"type":"binary-expr","locations":[{"start":{"line":21,"column":6},"end":{"line":21,"column":28}},{"start":{"line":21,"column":28},"end":{"line":21,"column":51}}],"line":21},"3":{"loc":{"start":{"line":34,"column":2},"end":{"line":36,"column":null}},"type":"if","locations":[{"start":{"line":34,"column":2},"end":{"line":36,"column":null}},{"start":{},"end":{}}],"line":34},"4":{"loc":{"start":{"line":45,"column":6},"end":{"line":53,"column":null}},"type":"if","locations":[{"start":{"line":45,"column":6},"end":{"line":53,"column":null}},{"start":{"line":51,"column":13},"end":{"line":53,"column":null}}],"line":45},"5":{"loc":{"start":{"line":48,"column":8},"end":{"line":50,"column":null}},"type":"if","locations":[{"start":{"line":48,"column":8},"end":{"line":50,"column":null}},{"start":{},"end":{}}],"line":48},"6":{"loc":{"start":{"line":81,"column":4},"end":{"line":83,"column":null}},"type":"if","locations":[{"start":{"line":81,"column":4},"end":{"line":83,"column":null}},{"start":{},"end":{}}],"line":81},"7":{"loc":{"start":{"line":84,"column":24},"end":{"line":84,"column":null}},"type":"binary-expr","locations":[{"start":{"line":84,"column":24},"end":{"line":84,"column":47}},{"start":{"line":84,"column":47},"end":{"line":84,"column":null}}],"line":84},"8":{"loc":{"start":{"line":88,"column":43},"end":{"line":88,"column":72}},"type":"cond-expr","locations":[{"start":{"line":88,"column":57},"end":{"line":88,"column":69}},{"start":{"line":88,"column":69},"end":{"line":88,"column":72}}],"line":88},"9":{"loc":{"start":{"line":89,"column":45},"end":{"line":89,"column":74}},"type":"cond-expr","locations":[{"start":{"line":89,"column":59},"end":{"line":89,"column":71}},{"start":{"line":89,"column":71},"end":{"line":89,"column":74}}],"line":89},"10":{"loc":{"start":{"line":96,"column":4},"end":{"line":98,"column":null}},"type":"if","locations":[{"start":{"line":96,"column":4},"end":{"line":98,"column":null}},{"start":{},"end":{}}],"line":96},"11":{"loc":{"start":{"line":97,"column":13},"end":{"line":97,"column":null}},"type":"cond-expr","locations":[{"start":{"line":97,"column":29},"end":{"line":97,"column":33}},{"start":{"line":97,"column":33},"end":{"line":97,"column":null}}],"line":97},"12":{"loc":{"start":{"line":133,"column":4},"end":{"line":133,"column":null}},"type":"binary-expr","locations":[{"start":{"line":133,"column":4},"end":{"line":133,"column":18}},{"start":{"line":133,"column":4},"end":{"line":133,"column":null}}],"line":133}},"s":{"0":1,"1":1,"2":29,"3":29,"4":22,"5":7,"6":5,"7":2,"8":24,"9":20,"10":4,"11":24,"12":4,"13":20,"14":25,"15":25,"16":24,"17":24,"18":24,"19":14,"20":14,"21":5,"22":10,"23":20,"24":20,"25":12,"26":22,"27":14,"28":12,"29":2,"30":0,"31":12,"32":22,"33":2,"34":12,"35":12,"36":23,"37":5,"38":18,"39":23,"40":12,"41":17,"42":6,"43":11,"44":12,"45":12,"46":2},"f":{"0":29,"1":24,"2":20,"3":4,"4":24,"5":25,"6":12,"7":22,"8":14,"9":2,"10":0,"11":22,"12":2,"13":17,"14":12,"15":2},"b":{"0":[22,7],"1":[5,2],"2":[7,6],"3":[4,20],"4":[14,10],"5":[5,9],"6":[5,18],"7":[18,9],"8":[9,9],"9":[9,9],"10":[6,11],"11":[1,5],"12":[2,1]},"meta":{"lastBranch":13,"lastFunction":16,"lastStatement":47,"seen":{"s:6:19:6:Infinity":0,"s:7:23:7:Infinity":1,"f:16:9:16:23":0,"s:17:16:17:Infinity":2,"b:18:2:20:Infinity:undefined:undefined:undefined:undefined":0,"s:18:2:20:Infinity":3,"s:19:4:19:Infinity":4,"b:21:2:23:Infinity:undefined:undefined:undefined:undefined":1,"s:21:2:23:Infinity":5,"b:21:6:21:28:21:28:21:51":2,"s:22:4:22:Infinity":6,"s:24:2:24:Infinity":7,"f:27:9:27:20":1,"s:28:2:30:Infinity":8,"f:29:10:29:16":2,"s:29:16:29:20":9,"f:30:11:30:17":3,"s:30:17:30:22":10,"f:33:15:33:29":4,"b:34:2:36:Infinity:undefined:undefined:undefined:undefined":3,"s:34:2:36:Infinity":11,"s:35:4:35:Infinity":12,"s:38:28:38:Infinity":13,"f:40:17:40:22":5,"s:41:20:41:Infinity":14,"s:42:4:54:Infinity":15,"s:43:12:43:Infinity":16,"s:44:12:44:Infinity":17,"b:45:6:53:Infinity:51:13:53:Infinity":4,"s:45:6:53:Infinity":18,"s:46:8:46:Infinity":19,"b:48:8:50:Infinity:undefined:undefined:undefined:undefined":5,"s:48:8:50:Infinity":20,"s:49:10:49:Infinity":21,"s:52:8:52:Infinity":22,"s:57:2:57:Infinity":23,"s:58:2:58:Infinity":24,"f:61:9:61:Infinity":6,"s:67:21:69:Infinity":25,"f:68:25:68:26":7,"s:68:32:68:47":26,"f:68:53:68:54":8,"s:68:60:68:74":27,"s:70:22:72:Infinity":28,"f:71:26:71:27":9,"s:71:33:71:48":29,"f:71:54:71:55":10,"s:71:61:71:75":30,"s:74:18:77:Infinity":31,"f:75:25:75:26":11,"s:75:32:75:61":32,"f:76:26:76:27":12,"s:76:33:76:62":33,"s:79:30:79:Infinity":34,"s:80:2:93:Infinity":35,"b:81:4:83:Infinity:undefined:undefined:undefined:undefined":6,"s:81:4:83:Infinity":36,"s:82:6:82:Infinity":37,"s:84:24:84:Infinity":38,"b:84:24:84:47:84:47:84:Infinity":7,"s:85:4:92:Infinity":39,"b:88:57:88:69:88:69:88:72":8,"b:89:59:89:71:89:71:89:74":9,"s:95:2:100:Infinity":40,"f:95:20:95:21":13,"b:96:4:98:Infinity:undefined:undefined:undefined:undefined":10,"s:96:4:98:Infinity":41,"s:97:6:97:Infinity":42,"b:97:29:97:33:97:33:97:Infinity":11,"s:99:4:99:Infinity":43,"f:104:22:104:Infinity":14,"s:108:42:111:Infinity":44,"s:112:2:121:Infinity":45,"f:128:16:128:Infinity":15,"s:132:2:135:Infinity":46,"b:133:4:133:18:133:4:133:Infinity":12}}}
}
